Application.obj : error LNK2019: unresolved external symbol gluPerspective referenced in function main
GLWindow.obj : error LNK2019: unresolved external symbol glewInit referenced in function "public: bool __cdecl GLWindow::Init(void)" (?Init@GLWindow@@QEAA_NXZ)
GLWindow.obj : error LNK2019: unresolved external symbol glfwInit referenced in function "public: bool __cdecl GLWindow::Init(void)" (?Init@GLWindow@@QEAA_NXZ)
GLWindow.obj : error LNK2019: unresolved external symbol glfwTerminate referenced in function "public: __cdecl GLWindow::~GLWindow(void)" (??1GLWindow@@QEAA@XZ)
GLWindow.obj : error LNK2019: unresolved external symbol glfwSetErrorCallback referenced in function "public: bool __cdecl GLWindow::Init(void)" (?Init@GLWindow@@QEAA_NXZ)
GLWindow.obj : error LNK2019: unresolved external symbol glfwWindowHint referenced in function "public: bool __cdecl GLWindow::Init(void)" (?Init@GLWindow@@QEAA_NXZ)
GLWindow.obj : error LNK2019: unresolved external symbol glfwCreateWindow referenced in function "public: bool __cdecl GLWindow::Init(void)" (?Init@GLWindow@@QEAA_NXZ)
GLWindow.obj : error LNK2019: unresolved external symbol glfwDestroyWindow referenced in function "public: __cdecl GLWindow::~GLWindow(void)" (??1GLWindow@@QEAA@XZ)
GLWindow.obj : error LNK2019: unresolved external symbol glfwWindowShouldClose referenced in function "public: bool __cdecl GLWindow::IsRunning(void)" (?IsRunning@GLWindow@@QEAA_NXZ)
GLWindow.obj : error LNK2019: unresolved external symbol glfwSetWindowShouldClose referenced in function "public: static void __cdecl GLWindow::KeyCallback(struct GLFWwindow *,int,int,int,int)" (?KeyCallback@GLWindow@@SAXPEAUGLFWwindow@@HHHH@Z)
GLWindow.obj : error LNK2019: unresolved external symbol glfwGetFramebufferSize referenced in function "public: bool __cdecl GLWindow::Init(void)" (?Init@GLWindow@@QEAA_NXZ)
GLWindow.obj : error LNK2019: unresolved external symbol glfwPollEvents referenced in function "public: void __cdecl GLWindow::Present(void)" (?Present@GLWindow@@QEAAXXZ)
GLWindow.obj : error LNK2019: unresolved external symbol glfwSetKeyCallback referenced in function "public: bool __cdecl GLWindow::Init(void)" (?Init@GLWindow@@QEAA_NXZ)
GLWindow.obj : error LNK2019: unresolved external symbol glfwMakeContextCurrent referenced in function "public: bool __cdecl GLWindow::Init(void)" (?Init@GLWindow@@QEAA_NXZ)
GLWindow.obj : error LNK2019: unresolved external symbol glfwSwapBuffers referenced in function "public: void __cdecl GLWindow::Present(void)" (?Present@GLWindow@@QEAAXXZ)
GLWindow.obj : error LNK2019: unresolved external symbol glfwSwapInterval referenced in function "public: bool __cdecl GLWindow::Init(void)" (?Init@GLWindow@@QEAA_NXZ)
IndexBuffer.obj : error LNK2001: unresolved external symbol __glewBindBuffer
VertexBuffer.obj : error LNK2001: unresolved external symbol __glewBindBuffer
IndexBuffer.obj : error LNK2001: unresolved external symbol __glewBufferData
VertexBuffer.obj : error LNK2001: unresolved external symbol __glewBufferData
IndexBuffer.obj : error LNK2001: unresolved external symbol __glewDeleteBuffers
VertexBuffer.obj : error LNK2001: unresolved external symbol __glewDeleteBuffers
IndexBuffer.obj : error LNK2001: unresolved external symbol __glewGenBuffers
VertexBuffer.obj : error LNK2001: unresolved external symbol __glewGenBuffers
E:\CGL\BA6\Programming\Minecraft OpenGL Practice Project\Minecraft OpenGL Practice\Minecraft_OpenGL\Dependencies\GLFW\lib-vc2019\glfw3.lib : warning LNK4272: library machine type 'x86' conflicts with target machine type 'x64'
E:\CGL\BA6\Programming\Minecraft OpenGL Practice Project\Minecraft OpenGL Practice\Minecraft_OpenGL\Dependencies\GLEW\lib\Release\Win32\glew32s.lib : warning LNK4272: library machine type 'x86' conflicts with target machine type 'x64'
E:\CGL\BA6\Programming\Minecraft OpenGL Practice Project\Minecraft OpenGL Practice\Minecraft_OpenGL\x64\Debug\Minecraft_OpenGL.exe : fatal error LNK1120: 20 unresolved externals
